[2026-04-15 14:24:48.891] [3923] [HailoRT] [info] [vdevice.cpp:535] [create] Creating vdevice with params: device_count: 1, scheduling_algorithm: ROUND_ROBIN, multi_process_service: false
[2026-04-15 14:24:48.910] [3923] [HailoRT] [info] [device.cpp:51] [Device] OS Version: Linux 6.12.62+rpt-rpi-2712 #1 SMP PREEMPT Debian 1:6.12.62-1+rpt1 (2025-12-18) aarch64
[2026-04-15 14:24:48.910] [3923] [HailoRT] [info] [control.cpp:113] [control__parse_identify_results] firmware_version is: 4.23.0
[2026-04-15 14:24:48.912] [3923] [HailoRT] [info] [vdevice.cpp:682] [create] VDevice Infos: 0001:01:00.0
[2026-04-15 14:24:48.926] [3923] [HailoRT] [info] [hef.cpp:1994] [get_network_group_and_network_name] No name was given. Addressing all networks of default network_group: yolov8s
[2026-04-15 14:24:48.926] [3923] [HailoRT] [info] [hef.cpp:1994] [get_network_group_and_network_name] No name was given. Addressing all networks of default network_group: yolov8s
[2026-04-15 14:24:48.937] [3923] [HailoRT] [info] [internal_buffer_manager.cpp:77] [print_execution_results] Planned internal buffer memory: CMA=0 CMA-Desc=655360 Pinned=1436672. memory to edge layer usage factor is 0.81098264
[2026-04-15 14:24:48.937] [3923] [HailoRT] [info] [internal_buffer_manager.cpp:86] [print_execution_results] Default Internal buffer planner executed successfully
[2026-04-15 14:24:48.953] [3923] [HailoRT] [info] [device_internal.cpp:57] [configure] Configuring HEF took 25.935891 milliseconds
[2026-04-15 14:24:48.953] [3923] [HailoRT] [info] [vdevice.cpp:780] [configure] Configuring HEF on VDevice took 26.675362 milliseconds
[2026-04-15 14:24:48.953] [3923] [HailoRT] [info] [infer_model.cpp:417] [configure] Configuring network group 'yolov8s' with params: batch size: 0, power mode: PERFORMANCE, latency: NONE
[2026-04-15 14:24:48.956] [3923] [HailoRT] [info] [multi_io_elements.cpp:754] [create] Created (AsyncHwEl)
[2026-04-15 14:24:48.957] [3923] [HailoRT] [info] [queue_elements.cpp:450] [create] Created (EntryPushQEl0yolov8s/input_layer1 | timeout: 10s)
[2026-04-15 14:24:48.957] [3923] [HailoRT] [info] [filter_elements.cpp:101] [create] Created (PreInferEl2yolov8s/input_layer1 | Reorder - src_order: NHWC, src_shape: (640, 640, 3), dst_order: NHCW, dst_shape: (640, 640, 3))
[2026-04-15 14:24:48.957] [3923] [HailoRT] [info] [queue_elements.cpp:450] [create] Created (PushQEl2yolov8s/input_layer1 | timeout: 10s)
[2026-04-15 14:24:48.957] [3923] [HailoRT] [info] [multi_io_elements.cpp:135] [create] Created (NmsPPMuxEl0YOLOV8-Post-Process | Op YOLOV8, Name: YOLOV8-Post-Process, Score threshold: 0.200, IoU threshold: 0.70, Classes: 80, Max bboxes per class: 100, Image height: 640, Image width: 640)
[2026-04-15 14:24:48.957] [3923] [HailoRT] [info] [queue_elements.cpp:942] [create] Created (MultiPushQEl0YOLOV8-Post-Process | timeout: 10s)
[2026-04-15 14:24:48.957] [3923] [HailoRT] [info] [edge_elements.cpp:187] [create] Created (LastAsyncEl0NmsPPMuxEl0YOLOV8-Post-Process)
[2026-04-15 14:24:48.957] [3923] [HailoRT] [info] [pipeline.cpp:891] [print_deep_description] EntryPushQEl0yolov8s/input_layer1 | inputs: user | outputs: PreInferEl2yolov8s/input_layer1(running in thread_id: 3933)
[2026-04-15 14:24:48.958] [3923] [HailoRT] [info] [pipeline.cpp:891] [print_deep_description] PreInferEl2yolov8s/input_layer1 | inputs: EntryPushQEl0yolov8s/input_layer1[0] | outputs: PushQEl2yolov8s/input_layer1
[2026-04-15 14:24:48.958] [3923] [HailoRT] [info] [pipeline.cpp:891] [print_deep_description] PushQEl2yolov8s/input_layer1 | inputs: PreInferEl2yolov8s/input_layer1[0] | outputs: AsyncHwEl(running in thread_id: 3934)
[2026-04-15 14:24:48.958] [3923] [HailoRT] [info] [pipeline.cpp:891] [print_deep_description] AsyncHwEl | inputs: PushQEl2yolov8s/input_layer1[0] | outputs: MultiPushQEl0YOLOV8-Post-Process MultiPushQEl0YOLOV8-Post-Process MultiPushQEl0YOLOV8-Post-Process MultiPushQEl0YOLOV8-Post-Process MultiPushQEl0YOLOV8-Post-Process MultiPushQEl0YOLOV8-Post-Process
[2026-04-15 14:24:48.959] [3923] [HailoRT] [info] [pipeline.cpp:891] [print_deep_description] MultiPushQEl0YOLOV8-Post-Process | inputs: AsyncHwEl[0] AsyncHwEl[1] AsyncHwEl[2] AsyncHwEl[3] AsyncHwEl[4] AsyncHwEl[5] | outputs: NmsPPMuxEl0YOLOV8-Post-Process(running in thread_id: 3935)
[2026-04-15 14:24:48.959] [3923] [HailoRT] [info] [pipeline.cpp:891] [print_deep_description] NmsPPMuxEl0YOLOV8-Post-Process | inputs: MultiPushQEl0YOLOV8-Post-Process[0] | outputs: LastAsyncEl0NmsPPMuxEl0YOLOV8-Post-Process
[2026-04-15 14:24:48.959] [3923] [HailoRT] [info] [pipeline.cpp:891] [print_deep_description] LastAsyncEl0NmsPPMuxEl0YOLOV8-Post-Process | inputs: NmsPPMuxEl0YOLOV8-Post-Process[0] | outputs: user
[2026-04-15 14:25:57.856] [4103] [HailoRT] [info] [vdevice.cpp:535] [create] Creating vdevice with params: device_count: 1, scheduling_algorithm: ROUND_ROBIN, multi_process_service: false
[2026-04-15 14:25:57.868] [4103] [HailoRT] [info] [device.cpp:51] [Device] OS Version: Linux 6.12.62+rpt-rpi-2712 #1 SMP PREEMPT Debian 1:6.12.62-1+rpt1 (2025-12-18) aarch64
[2026-04-15 14:25:57.868] [4103] [HailoRT] [info] [control.cpp:113] [control__parse_identify_results] firmware_version is: 4.23.0
[2026-04-15 14:25:57.868] [4103] [HailoRT] [info] [vdevice.cpp:682] [create] VDevice Infos: 0001:01:00.0
[2026-04-15 14:25:57.873] [4103] [HailoRT] [info] [hef.cpp:1994] [get_network_group_and_network_name] No name was given. Addressing all networks of default network_group: yolov8s
[2026-04-15 14:25:57.873] [4103] [HailoRT] [info] [hef.cpp:1994] [get_network_group_and_network_name] No name was given. Addressing all networks of default network_group: yolov8s
[2026-04-15 14:25:57.880] [4103] [HailoRT] [info] [internal_buffer_manager.cpp:77] [print_execution_results] Planned internal buffer memory: CMA=0 CMA-Desc=655360 Pinned=1436672. memory to edge layer usage factor is 0.81098264
[2026-04-15 14:25:57.880] [4103] [HailoRT] [info] [internal_buffer_manager.cpp:86] [print_execution_results] Default Internal buffer planner executed successfully
[2026-04-15 14:25:57.896] [4103] [HailoRT] [info] [device_internal.cpp:57] [configure] Configuring HEF took 22.577667 milliseconds
[2026-04-15 14:25:57.896] [4103] [HailoRT] [info] [vdevice.cpp:780] [configure] Configuring HEF on VDevice took 22.902089 milliseconds
[2026-04-15 14:25:57.896] [4103] [HailoRT] [info] [infer_model.cpp:417] [configure] Configuring network group 'yolov8s' with params: batch size: 0, power mode: PERFORMANCE, latency: NONE
[2026-04-15 14:25:57.896] [4103] [HailoRT] [info] [multi_io_elements.cpp:754] [create] Created (AsyncHwEl)
[2026-04-15 14:25:57.897] [4103] [HailoRT] [info] [queue_elements.cpp:450] [create] Created (EntryPushQEl0yolov8s/input_layer1 | timeout: 10s)
[2026-04-15 14:25:57.897] [4103] [HailoRT] [info] [filter_elements.cpp:101] [create] Created (PreInferEl2yolov8s/input_layer1 | Reorder - src_order: NHWC, src_shape: (640, 640, 3), dst_order: NHCW, dst_shape: (640, 640, 3))
[2026-04-15 14:25:57.897] [4103] [HailoRT] [info] [queue_elements.cpp:450] [create] Created (PushQEl2yolov8s/input_layer1 | timeout: 10s)
[2026-04-15 14:25:57.897] [4103] [HailoRT] [info] [multi_io_elements.cpp:135] [create] Created (NmsPPMuxEl0YOLOV8-Post-Process | Op YOLOV8, Name: YOLOV8-Post-Process, Score threshold: 0.200, IoU threshold: 0.70, Classes: 80, Max bboxes per class: 100, Image height: 640, Image width: 640)
[2026-04-15 14:25:57.897] [4103] [HailoRT] [info] [queue_elements.cpp:942] [create] Created (MultiPushQEl0YOLOV8-Post-Process | timeout: 10s)
[2026-04-15 14:25:57.897] [4103] [HailoRT] [info] [edge_elements.cpp:187] [create] Created (LastAsyncEl0NmsPPMuxEl0YOLOV8-Post-Process)
[2026-04-15 14:25:57.897] [4103] [HailoRT] [info] [pipeline.cpp:891] [print_deep_description] EntryPushQEl0yolov8s/input_layer1 | inputs: user | outputs: PreInferEl2yolov8s/input_layer1(running in thread_id: 4113)
[2026-04-15 14:25:57.897] [4103] [HailoRT] [info] [pipeline.cpp:891] [print_deep_description] PreInferEl2yolov8s/input_layer1 | inputs: EntryPushQEl0yolov8s/input_layer1[0] | outputs: PushQEl2yolov8s/input_layer1
[2026-04-15 14:25:57.897] [4103] [HailoRT] [info] [pipeline.cpp:891] [print_deep_description] PushQEl2yolov8s/input_layer1 | inputs: PreInferEl2yolov8s/input_layer1[0] | outputs: AsyncHwEl(running in thread_id: 4114)
[2026-04-15 14:25:57.897] [4103] [HailoRT] [info] [pipeline.cpp:891] [print_deep_description] AsyncHwEl | inputs: PushQEl2yolov8s/input_layer1[0] | outputs: MultiPushQEl0YOLOV8-Post-Process MultiPushQEl0YOLOV8-Post-Process MultiPushQEl0YOLOV8-Post-Process MultiPushQEl0YOLOV8-Post-Process MultiPushQEl0YOLOV8-Post-Process MultiPushQEl0YOLOV8-Post-Process
[2026-04-15 14:25:57.897] [4103] [HailoRT] [info] [pipeline.cpp:891] [print_deep_description] MultiPushQEl0YOLOV8-Post-Process | inputs: AsyncHwEl[0] AsyncHwEl[1] AsyncHwEl[2] AsyncHwEl[3] AsyncHwEl[4] AsyncHwEl[5] | outputs: NmsPPMuxEl0YOLOV8-Post-Process(running in thread_id: 4115)
[2026-04-15 14:25:57.897] [4103] [HailoRT] [info] [pipeline.cpp:891] [print_deep_description] NmsPPMuxEl0YOLOV8-Post-Process | inputs: MultiPushQEl0YOLOV8-Post-Process[0] | outputs: LastAsyncEl0NmsPPMuxEl0YOLOV8-Post-Process
[2026-04-15 14:25:57.897] [4103] [HailoRT] [info] [pipeline.cpp:891] [print_deep_description] LastAsyncEl0NmsPPMuxEl0YOLOV8-Post-Process | inputs: NmsPPMuxEl0YOLOV8-Post-Process[0] | outputs: user
